<?xml version="1.0" encoding="UTF-8"?>
<!-- Generated by org.testng.reporters.JUnitXMLReporter -->
<testsuite ignored="4" hostname="IN-PG02A5LG" failures="0" tests="1" name="Default test" time="70.72" errors="0" timestamp="2022-10-07T14:45:58 IST">
  <testcase classname="Testcases.LoginPageTest" name="excellogintesting" time="1.012">
    <skipped/>
  </testcase> <!-- excellogintesting -->
  <testcase classname="Testcases.LoginPageTest" name="loginUsingEmailID" time="0.0">
    <ignored/>
  </testcase> <!-- loginUsingEmailID -->
  <testcase classname="Testcases.LoginPageTest" name="invalidEmailLogin" time="0.0">
    <ignored/>
  </testcase> <!-- invalidEmailLogin -->
  <testcase classname="Testcases.LoginPageTest" name="invalidMobileNumberLogin" time="0.0">
    <ignored/>
  </testcase> <!-- invalidMobileNumberLogin -->
  <testcase classname="Testcases.LoginPageTest" name="loginUsingMobileNumber" time="0.0">
    <ignored/>
  </testcase> <!-- loginUsingMobileNumber -->
</testsuite> <!-- Default test -->
