<?xml version="1.0" encoding="UTF-8"?>
<testng-results ignored="4" total="5" passed="0" failed="0" skipped="1">
  <reporter-output>
  </reporter-output>
  <suite started-at="2022-10-07T14:44:47 IST" name="Default suite" finished-at="2022-10-07T14:45:58 IST" duration-ms="70720">
    <groups>
    </groups>
    <test started-at="2022-10-07T14:44:47 IST" name="Default test" finished-at="2022-10-07T14:45:58 IST" duration-ms="70720">
      <class name="Testcases.LoginPageTest">
        <test-method is-config="true" signature="init()[pri:0, instance:Testcases.LoginPageTest@7e3f95fe]" started-at="2022-10-07T14:44:47 IST" name="init" finished-at="2022-10-07T14:44:47 IST" duration-ms="178" status="PASS">
          <reporter-output>
          </reporter-output>
        </test-method> <!-- init -->
        <test-method is-config="true" signature="startTest(java.lang.reflect.Method)[pri:0, instance:Testcases.LoginPageTest@7e3f95fe]" started-at="2022-10-07T14:44:47 IST" name="startTest" finished-at="2022-10-07T14:44:47 IST" duration-ms="3" status="PASS">
          <params>
            <param index="0">
              <value>
                <![CDATA[public void Testcases.LoginPageTest.excellogintesting() throws java.lang.Exception]]>
              </value>
            </param>
          </params>
          <reporter-output>
          </reporter-output>
        </test-method> <!-- startTest -->
        <test-method is-config="true" signature="Setup()[pri:0, instance:Testcases.LoginPageTest@7e3f95fe]" started-at="2022-10-07T14:44:47 IST" name="Setup" finished-at="2022-10-07T14:45:54 IST" duration-ms="67227" status="PASS">
          <reporter-output>
          </reporter-output>
        </test-method> <!-- Setup -->
        <test-method signature="excellogintesting()[pri:22, instance:Testcases.LoginPageTest@7e3f95fe]" started-at="2022-10-07T14:45:54 IST" name="excellogintesting" finished-at="2022-10-07T14:45:55 IST" duration-ms="1012" status="SKIP">
          <exception class="org.testng.SkipException">
            <message>
              <![CDATA[Skipping this exception]]>
            </message>
            <full-stacktrace>
              <![CDATA[org.testng.SkipException: Skipping this exception
at Com.ExitTest.Utils.TestDataExecution.toCheckExecutionRequired(TestDataExecution.java:15)
at Testcases.LoginPageTest.excellogintesting(LoginPageTest.java:126)
at java.base/jdk.internal.reflect.NativeMethodAccessorImpl.invoke0(Native Method)
at java.base/jdk.internal.reflect.NativeMethodAccessorImpl.invoke(NativeMethodAccessorImpl.java:77)
at java.base/jdk.internal.reflect.DelegatingMethodAccessorImpl.invoke(DelegatingMethodAccessorImpl.java:43)
at java.base/java.lang.reflect.Method.invoke(Method.java:568)
at org.testng.internal.MethodInvocationHelper.invokeMethod(MethodInvocationHelper.java:133)
at org.testng.internal.TestInvoker.invokeMethod(TestInvoker.java:598)
at org.testng.internal.TestInvoker.invokeTestMethod(TestInvoker.java:173)
at org.testng.internal.MethodRunner.runInSequence(MethodRunner.java:46)
at org.testng.internal.TestInvoker$MethodInvocationAgent.invoke(TestInvoker.java:824)
at org.testng.internal.TestInvoker.invokeTestMethods(TestInvoker.java:146)
at org.testng.internal.TestMethodWorker.invokeTestMethods(TestMethodWorker.java:146)
at org.testng.internal.TestMethodWorker.run(TestMethodWorker.java:128)
at java.base/java.util.ArrayList.forEach(ArrayList.java:1511)
at org.testng.TestRunner.privateRun(TestRunner.java:794)
at org.testng.TestRunner.run(TestRunner.java:596)
at org.testng.SuiteRunner.runTest(SuiteRunner.java:377)
at org.testng.SuiteRunner.runSequentially(SuiteRunner.java:371)
at org.testng.SuiteRunner.privateRun(SuiteRunner.java:332)
at org.testng.SuiteRunner.run(SuiteRunner.java:276)
at org.testng.SuiteRunnerWorker.runSuite(SuiteRunnerWorker.java:53)
at org.testng.SuiteRunnerWorker.run(SuiteRunnerWorker.java:96)
at org.testng.TestNG.runSuitesSequentially(TestNG.java:1212)
at org.testng.TestNG.runSuitesLocally(TestNG.java:1134)
at org.testng.TestNG.runSuites(TestNG.java:1063)
at org.testng.TestNG.run(TestNG.java:1031)
at org.testng.remote.AbstractRemoteTestNG.run(AbstractRemoteTestNG.java:115)
at org.testng.remote.RemoteTestNG.initAndRun(RemoteTestNG.java:251)
at org.testng.remote.RemoteTestNG.main(RemoteTestNG.java:77)
]]>
            </full-stacktrace>
          </exception> <!-- org.testng.SkipException -->
          <reporter-output>
          </reporter-output>
        </test-method> <!-- excellogintesting -->
        <test-method is-config="true" signature="afterMethod(org.testng.ITestResult)[pri:0, instance:Testcases.LoginPageTest@7e3f95fe]" started-at="2022-10-07T14:45:55 IST" name="afterMethod" finished-at="2022-10-07T14:45:55 IST" duration-ms="4" status="PASS">
          <params>
            <param index="0">
              <value>
                <![CDATA[[TestResult name=excellogintesting status=SKIP method=LoginPageTest.excellogintesting()[pri:22, instance:Testcases.LoginPageTest@7e3f95fe] output={null}]]]>
              </value>
            </param>
          </params>
          <reporter-output>
          </reporter-output>
        </test-method> <!-- afterMethod -->
        <test-method is-config="true" signature="teardown()[pri:0, instance:Testcases.LoginPageTest@7e3f95fe]" started-at="2022-10-07T14:45:55 IST" name="teardown" finished-at="2022-10-07T14:45:58 IST" duration-ms="2450" status="PASS">
          <reporter-output>
          </reporter-output>
        </test-method> <!-- teardown -->
        <test-method is-config="true" signature="reportFlush()[pri:0, instance:Testcases.LoginPageTest@7e3f95fe]" started-at="2022-10-07T14:45:58 IST" name="reportFlush" finished-at="2022-10-07T14:45:58 IST" duration-ms="333" status="PASS">
          <reporter-output>
          </reporter-output>
        </test-method> <!-- reportFlush -->
      </class> <!-- Testcases.LoginPageTest -->
    </test> <!-- Default test -->
  </suite> <!-- Default suite -->
</testng-results>
